09:28:32 INFO  : Registering command handlers for SDK TCF services
09:28:35 INFO  : Launching XSCT server: xsct.bat -interactive H:\FPGA\VGA\blase\blase.sdk\temp_xsdb_launch_script.tcl
09:28:47 INFO  : XSCT server has started successfully.
09:28:51 INFO  : Successfully done setting XSCT server connection channel  
09:28:51 INFO  : Successfully done setting SDK workspace  
09:28:51 INFO  : Restoring global repository preferences: 
		 H:\FPGA\VGA\device-tree-xlnx
09:28:52 INFO  : Processing command line option -hwspec H:/FPGA/VGA/blase/blase.sdk/blaze_wrapper.hdf.
09:44:19 INFO  : 'targets -set -filter {jtag_cable_name =~ "Platform Cable USB 00001abcffac01" && level==0} -index 1' command is executed.
09:44:19 INFO  : 'fpga -state' command is executed.
09:44:19 INFO  : Connected to target on host '127.0.0.1' and port '3121'.
09:44:20 INFO  : Jtag cable 'Platform Cable USB 00001abcffac01' is selected.
09:44:20 INFO  : 'jtag frequency' command is executed.
09:44:20 INFO  : Sourcing of 'H:/FPGA/VGA/blase/blase.sdk/blaze_wrapper_hw_platform_0/ps7_init.tcl' is done.
09:44:20 INFO  : Context for 'APU' is selected.
09:44:20 INFO  : Hardware design information is loaded from 'H:/FPGA/VGA/blase/blase.sdk/blaze_wrapper_hw_platform_0/system.hdf'.
09:44:20 INFO  : 'configparams force-mem-access 1' command is executed.
09:44:20 INFO  : Context for 'APU' is selected.
09:44:20 INFO  : 'stop' command is executed.
09:47:06 ERROR : Memory read error at 0xF800010C. Invalid DAP IDCODE. Invalid DAP ACK value: 0
09:47:06 INFO  : ----------------XSDB Script----------------
connect -url tcp:127.0.0.1:3121
source H:/FPGA/VGA/blase/blase.sdk/blaze_wrapper_hw_platform_0/ps7_init.tcl
targets -set -nocase -filter {name =~"APU*" && jtag_cable_name =~ "Platform Cable USB 00001abcffac01"} -index 0
loadhw -hw H:/FPGA/VGA/blase/blase.sdk/blaze_wrapper_hw_platform_0/system.hdf -mem-ranges [list {0x40000000 0xbfffffff}]
configparams force-mem-access 1
targets -set -nocase -filter {name =~"APU*" && jtag_cable_name =~ "Platform Cable USB 00001abcffac01"} -index 0
stop
ps7_init
----------------End of Script----------------

09:47:29 INFO  : Connected to target on host '127.0.0.1' and port '3121'.
09:48:23 INFO  : 'targets -set -filter {jtag_cable_name =~ "Platform Cable USB 00001abcffac01" && level==0} -index 1' command is executed.
09:48:23 INFO  : 'fpga -state' command is executed.
09:48:25 INFO  : Connected to target on host '127.0.0.1' and port '3121'.
09:48:25 INFO  : Jtag cable 'Platform Cable USB 00001abcffac01' is selected.
09:48:25 INFO  : 'jtag frequency' command is executed.
09:48:25 INFO  : Sourcing of 'H:/FPGA/VGA/blase/blase.sdk/blaze_wrapper_hw_platform_0/ps7_init.tcl' is done.
09:48:26 INFO  : Context for 'APU' is selected.
09:48:26 INFO  : System reset is completed.
09:48:29 INFO  : 'after 3000' command is executed.
09:48:29 INFO  : Context for 'APU' is selected.
09:48:29 INFO  : Hardware design information is loaded from 'H:/FPGA/VGA/blase/blase.sdk/blaze_wrapper_hw_platform_0/system.hdf'.
09:48:29 INFO  : 'configparams force-mem-access 1' command is executed.
09:48:29 INFO  : Context for 'APU' is selected.
09:48:30 INFO  : 'ps7_init' command is executed.
09:48:30 INFO  : 'ps7_post_config' command is executed.
09:48:30 INFO  : 'configparams mdm-detect-bscan-mask 2' command is executed.
09:48:33 ERROR : no targets found with "name =~ "microblaze*#0" && bscan=="USER2"  && jtag_cable_name =~ "Platform Cable USB 00001abcffac01"". available targets:
  1* APU
     2  ARM Cortex-A9 MPCore #0 (Suspended)
     3  ARM Cortex-A9 MPCore #1 (Suspended)
  4  xc7z010
09:48:33 INFO  : ----------------XSDB Script----------------
connect -url tcp:127.0.0.1:3121
source H:/FPGA/VGA/blase/blase.sdk/blaze_wrapper_hw_platform_0/ps7_init.tcl
targets -set -nocase -filter {name =~"APU*" && jtag_cable_name =~ "Platform Cable USB 00001abcffac01"} -index 0
rst -system
after 3000
targets -set -nocase -filter {name =~"APU*" && jtag_cable_name =~ "Platform Cable USB 00001abcffac01"} -index 0
loadhw -hw H:/FPGA/VGA/blase/blase.sdk/blaze_wrapper_hw_platform_0/system.hdf -mem-ranges [list {0x40000000 0xbfffffff}]
configparams force-mem-access 1
targets -set -nocase -filter {name =~"APU*" && jtag_cable_name =~ "Platform Cable USB 00001abcffac01"} -index 0
ps7_init
ps7_post_config
configparams mdm-detect-bscan-mask 2
targets -set -nocase -filter {name =~ "microblaze*#0" && bscan=="USER2"  && jtag_cable_name =~ "Platform Cable USB 00001abcffac01"} -index 1
----------------End of Script----------------

09:49:30 INFO  : Connected to target on host '127.0.0.1' and port '3121'.
09:50:35 INFO  : 'targets -set -filter {jtag_cable_name =~ "Platform Cable USB 00001abcffac01" && level==0} -index 1' command is executed.
09:50:35 INFO  : 'fpga -state' command is executed.
09:50:37 INFO  : Connected to target on host '127.0.0.1' and port '3121'.
09:50:38 INFO  : Jtag cable 'Platform Cable USB 00001abcffac01' is selected.
09:50:38 INFO  : 'jtag frequency' command is executed.
09:50:38 INFO  : Sourcing of 'H:/FPGA/VGA/blase/blase.sdk/blaze_wrapper_hw_platform_0/ps7_init.tcl' is done.
09:50:38 INFO  : Context for 'APU' is selected.
09:50:38 INFO  : System reset is completed.
09:50:41 INFO  : 'after 3000' command is executed.
09:50:41 INFO  : Context for 'APU' is selected.
09:50:41 INFO  : Hardware design information is loaded from 'H:/FPGA/VGA/blase/blase.sdk/blaze_wrapper_hw_platform_0/system.hdf'.
09:50:41 INFO  : 'configparams force-mem-access 1' command is executed.
09:50:41 INFO  : Context for 'APU' is selected.
09:50:43 INFO  : 'ps7_init' command is executed.
09:50:43 INFO  : 'ps7_post_config' command is executed.
09:50:43 INFO  : 'configparams mdm-detect-bscan-mask 2' command is executed.
09:50:46 ERROR : no targets found with "name =~ "microblaze*#0" && bscan=="USER2"  && jtag_cable_name =~ "Platform Cable USB 00001abcffac01"". available targets:
  1* APU
     2  ARM Cortex-A9 MPCore #0 (Suspended)
     3  ARM Cortex-A9 MPCore #1 (Suspended)
  4  xc7z010
09:50:46 INFO  : ----------------XSDB Script----------------
connect -url tcp:127.0.0.1:3121
source H:/FPGA/VGA/blase/blase.sdk/blaze_wrapper_hw_platform_0/ps7_init.tcl
targets -set -nocase -filter {name =~"APU*" && jtag_cable_name =~ "Platform Cable USB 00001abcffac01"} -index 0
rst -system
after 3000
targets -set -nocase -filter {name =~"APU*" && jtag_cable_name =~ "Platform Cable USB 00001abcffac01"} -index 0
loadhw -hw H:/FPGA/VGA/blase/blase.sdk/blaze_wrapper_hw_platform_0/system.hdf -mem-ranges [list {0x40000000 0xbfffffff}]
configparams force-mem-access 1
targets -set -nocase -filter {name =~"APU*" && jtag_cable_name =~ "Platform Cable USB 00001abcffac01"} -index 0
ps7_init
ps7_post_config
configparams mdm-detect-bscan-mask 2
targets -set -nocase -filter {name =~ "microblaze*#0" && bscan=="USER2"  && jtag_cable_name =~ "Platform Cable USB 00001abcffac01"} -index 1
----------------End of Script----------------

09:52:19 INFO  : 'targets -set -filter {jtag_cable_name =~ "Platform Cable USB 00001abcffac01" && level==0} -index 1' command is executed.
09:52:19 INFO  : 'fpga -state' command is executed.
09:52:22 INFO  : Connected to target on host '127.0.0.1' and port '3121'.
09:52:23 INFO  : Jtag cable 'Platform Cable USB 00001abcffac01' is selected.
09:52:23 INFO  : 'jtag frequency' command is executed.
09:52:23 INFO  : Context for 'APU' is selected.
09:52:23 INFO  : System reset is completed.
09:52:26 INFO  : 'after 3000' command is executed.
09:52:26 INFO  : Context for 'APU' is selected.
09:52:26 INFO  : Hardware design information is loaded from 'H:/FPGA/VGA/blase/blase.sdk/blaze_wrapper_hw_platform_0/system.hdf'.
09:52:26 INFO  : 'configparams force-mem-access 1' command is executed.
09:52:26 INFO  : 'configparams mdm-detect-bscan-mask 2' command is executed.
09:52:29 ERROR : no targets found with "name =~ "microblaze*#0" && bscan=="USER2"  && jtag_cable_name =~ "Platform Cable USB 00001abcffac01"". available targets:
  1* APU
     2  ARM Cortex-A9 MPCore #0 (Suspended)
     3  ARM Cortex-A9 MPCore #1 (Suspended)
  4  xc7z010
09:52:29 INFO  : ----------------XSDB Script----------------
connect -url tcp:127.0.0.1:3121
targets -set -nocase -filter {name =~"APU*" && jtag_cable_name =~ "Platform Cable USB 00001abcffac01"} -index 0
rst -system
after 3000
targets -set -nocase -filter {name =~"APU*" && jtag_cable_name =~ "Platform Cable USB 00001abcffac01"} -index 0
loadhw -hw H:/FPGA/VGA/blase/blase.sdk/blaze_wrapper_hw_platform_0/system.hdf -mem-ranges [list {0x40000000 0xbfffffff}]
configparams force-mem-access 1
configparams mdm-detect-bscan-mask 2
targets -set -nocase -filter {name =~ "microblaze*#0" && bscan=="USER2"  && jtag_cable_name =~ "Platform Cable USB 00001abcffac01"} -index 1
----------------End of Script----------------

09:57:36 INFO  : 'targets -set -filter {jtag_cable_name =~ "Platform Cable USB 00001abcffac01" && level==0} -index 1' command is executed.
09:57:36 INFO  : 'fpga -state' command is executed.
09:57:41 INFO  : Connected to target on host '127.0.0.1' and port '3121'.
09:57:41 INFO  : Jtag cable 'Platform Cable USB 00001abcffac01' is selected.
09:57:41 INFO  : 'jtag frequency' command is executed.
09:57:41 INFO  : Context for 'APU' is selected.
09:57:42 INFO  : System reset is completed.
09:57:45 INFO  : 'after 3000' command is executed.
09:57:45 INFO  : Context for 'APU' is selected.
09:57:45 INFO  : Hardware design information is loaded from 'H:/FPGA/VGA/blase/blase.sdk/blaze_wrapper_hw_platform_0/system.hdf'.
09:57:45 INFO  : 'configparams force-mem-access 1' command is executed.
09:57:45 INFO  : 'configparams mdm-detect-bscan-mask 2' command is executed.
09:57:48 ERROR : no targets found with "name =~ "microblaze*#0" && bscan=="USER2"  && jtag_cable_name =~ "Platform Cable USB 00001abcffac01"". available targets:
  1* APU
     2  ARM Cortex-A9 MPCore #0 (Suspended)
     3  ARM Cortex-A9 MPCore #1 (Suspended)
  4  xc7z010
09:57:48 INFO  : ----------------XSDB Script----------------
connect -url tcp:127.0.0.1:3121
targets -set -nocase -filter {name =~"APU*" && jtag_cable_name =~ "Platform Cable USB 00001abcffac01"} -index 0
rst -system
after 3000
targets -set -nocase -filter {name =~"APU*" && jtag_cable_name =~ "Platform Cable USB 00001abcffac01"} -index 0
loadhw -hw H:/FPGA/VGA/blase/blase.sdk/blaze_wrapper_hw_platform_0/system.hdf -mem-ranges [list {0x40000000 0xbfffffff}]
configparams force-mem-access 1
configparams mdm-detect-bscan-mask 2
targets -set -nocase -filter {name =~ "microblaze*#0" && bscan=="USER2"  && jtag_cable_name =~ "Platform Cable USB 00001abcffac01"} -index 1
----------------End of Script----------------

10:00:18 ERROR : Failed to connect to hardware server on host '1' and port '3121'.
Reason: Этот хост неизвестен. 
10:00:21 ERROR : Failed to connect to hardware server on host '127' and port '3121'.
Reason: Этот хост неизвестен. 
10:00:26 ERROR : Failed to connect to hardware server on host '127.' and port '3121'.
Reason: Этот хост неизвестен. 
10:00:26 INFO  : Connected to target on host '127.0.0.1' and port '3121'.
10:09:44 INFO  : Connected to target on host '127.0.0.1' and port '3121'.
10:09:44 INFO  : Jtag cable 'Platform Cable USB 00001abcffac01' is selected.
10:09:44 INFO  : 'jtag frequency' command is executed.
10:09:44 INFO  : Context for 'APU' is selected.
10:09:45 INFO  : System reset is completed.
10:09:48 INFO  : 'after 3000' command is executed.
10:09:48 INFO  : 'targets -set -filter {jtag_cable_name =~ "Platform Cable USB 00001abcffac01" && level==0} -index 1' command is executed.
10:09:52 INFO  : FPGA configured successfully with bitstream "H:/FPGA/VGA/blase/blase.runs/impl_1/blaze_wrapper.bit"
10:09:53 INFO  : Context for 'APU' is selected.
10:09:53 INFO  : Hardware design information is loaded from 'H:/FPGA/VGA/blase/blase.sdk/blaze_wrapper_hw_platform_0/system.hdf'.
10:09:53 INFO  : 'configparams force-mem-access 1' command is executed.
10:09:53 INFO  : 'configparams mdm-detect-bscan-mask 2' command is executed.
10:09:53 INFO  : Context for processor 'microblaze_0' is selected.
10:09:53 ERROR : Cannot stop MicroBlaze. MicroBlaze is held in reset
10:09:53 INFO  : ----------------XSDB Script----------------
connect -url tcp:127.0.0.1:3121
targets -set -nocase -filter {name =~"APU*" && jtag_cable_name =~ "Platform Cable USB 00001abcffac01"} -index 0
rst -system
after 3000
targets -set -filter {jtag_cable_name =~ "Platform Cable USB 00001abcffac01" && level==0} -index 1
fpga -file H:/FPGA/VGA/blase/blase.runs/impl_1/blaze_wrapper.bit
targets -set -nocase -filter {name =~"APU*" && jtag_cable_name =~ "Platform Cable USB 00001abcffac01"} -index 0
loadhw -hw H:/FPGA/VGA/blase/blase.sdk/blaze_wrapper_hw_platform_0/system.hdf -mem-ranges [list {0x40000000 0xbfffffff}]
configparams force-mem-access 1
configparams mdm-detect-bscan-mask 2
targets -set -nocase -filter {name =~ "microblaze*#0" && bscan=="USER2"  && jtag_cable_name =~ "Platform Cable USB 00001abcffac01"} -index 1
dow H:/FPGA/VGA/blase/blase.sdk/Blaze_lesson/Debug/Blaze_lesson.elf
----------------End of Script----------------

10:10:43 INFO  : Connected to target on host '127.0.0.1' and port '3121'.
10:10:44 INFO  : Jtag cable 'Platform Cable USB 00001abcffac01' is selected.
10:10:44 INFO  : 'jtag frequency' command is executed.
10:10:44 INFO  : Sourcing of 'H:/FPGA/VGA/blase/blase.sdk/blaze_wrapper_hw_platform_0/ps7_init.tcl' is done.
10:10:44 INFO  : Context for 'APU' is selected.
10:10:44 INFO  : System reset is completed.
10:10:47 INFO  : 'after 3000' command is executed.
10:10:47 INFO  : 'targets -set -filter {jtag_cable_name =~ "Platform Cable USB 00001abcffac01" && level==0} -index 1' command is executed.
10:10:52 INFO  : FPGA configured successfully with bitstream "H:/FPGA/VGA/blase/blase.runs/impl_1/blaze_wrapper.bit"
10:10:52 INFO  : Context for 'APU' is selected.
10:10:52 INFO  : Hardware design information is loaded from 'H:/FPGA/VGA/blase/blase.sdk/blaze_wrapper_hw_platform_0/system.hdf'.
10:10:52 INFO  : 'configparams force-mem-access 1' command is executed.
10:10:52 INFO  : Context for 'APU' is selected.
10:10:54 INFO  : 'ps7_init' command is executed.
10:10:54 INFO  : 'configparams mdm-detect-bscan-mask 2' command is executed.
10:10:54 INFO  : Context for processor 'microblaze_0' is selected.
10:10:54 ERROR : Cannot stop MicroBlaze. MicroBlaze is held in reset
10:10:54 INFO  : ----------------XSDB Script----------------
connect -url tcp:127.0.0.1:3121
source H:/FPGA/VGA/blase/blase.sdk/blaze_wrapper_hw_platform_0/ps7_init.tcl
targets -set -nocase -filter {name =~"APU*" && jtag_cable_name =~ "Platform Cable USB 00001abcffac01"} -index 0
rst -system
after 3000
targets -set -filter {jtag_cable_name =~ "Platform Cable USB 00001abcffac01" && level==0} -index 1
fpga -file H:/FPGA/VGA/blase/blase.runs/impl_1/blaze_wrapper.bit
targets -set -nocase -filter {name =~"APU*" && jtag_cable_name =~ "Platform Cable USB 00001abcffac01"} -index 0
loadhw -hw H:/FPGA/VGA/blase/blase.sdk/blaze_wrapper_hw_platform_0/system.hdf -mem-ranges [list {0x40000000 0xbfffffff}]
configparams force-mem-access 1
targets -set -nocase -filter {name =~"APU*" && jtag_cable_name =~ "Platform Cable USB 00001abcffac01"} -index 0
ps7_init
configparams mdm-detect-bscan-mask 2
targets -set -nocase -filter {name =~ "microblaze*#0" && bscan=="USER2"  && jtag_cable_name =~ "Platform Cable USB 00001abcffac01"} -index 1
dow H:/FPGA/VGA/blase/blase.sdk/Blaze_lesson/Debug/Blaze_lesson.elf
----------------End of Script----------------

10:36:07 INFO  : SDK has detected change in the last modified timestamps for source hardware specification file Source:1702884964055,  Project:1702880848351
10:36:07 INFO  : Project blaze_wrapper_hw_platform_0's source hardware specification located at H:/FPGA/VGA/blase/blase.sdk/blaze_wrapper.hdf is now different from the local copy.
		 The local copy will be replaced with the source specification and your workspace will be updated.
10:36:16 INFO  : Copied contents of H:/FPGA/VGA/blase/blase.sdk/blaze_wrapper.hdf into \blaze_wrapper_hw_platform_0\system.hdf.
10:36:26 INFO  : Synchronizing projects in the workspace with the hardware platform specification changes.
10:36:36 INFO  : 
10:36:37 INFO  : Updating hardware inferred compiler options for Blaze_lesson.
10:36:37 INFO  : Clearing existing target manager status.
10:36:37 INFO  : Closing and re-opening the MSS file of ther project Blaze_lesson_bsp
10:36:38 INFO  : Workspace synchronized with the new hardware specification file. Cleaning dependent projects...
10:36:41 WARN  : Linker script will not be updated automatically. Users need to update it manually.
10:37:23 INFO  : Inferring section assignments and sizes from elf file: H:\FPGA\VGA\blase\blase.sdk\Blaze_lesson\Release\Blaze_lesson.elf
10:37:29 INFO  : Successfully generated H:\FPGA\VGA\blase\blase.sdk\Blaze_lesson\src\lscript.ld.
10:37:29 INFO  : Applying linker script to all configurations of project Blaze_lesson.
10:37:29 INFO  : Setting rebuild state to true for all configurations of project Blaze_lesson.
10:39:00 INFO  : Connected to target on host '127.0.0.1' and port '3121'.
10:39:01 INFO  : Jtag cable 'Platform Cable USB 00001abcffac01' is selected.
10:39:01 INFO  : 'jtag frequency' command is executed.
10:39:01 INFO  : Sourcing of 'H:/FPGA/VGA/blase/blase.sdk/blaze_wrapper_hw_platform_0/ps7_init.tcl' is done.
10:39:01 INFO  : Context for 'APU' is selected.
10:39:01 INFO  : System reset is completed.
10:39:04 INFO  : 'after 3000' command is executed.
10:39:04 INFO  : 'targets -set -filter {jtag_cable_name =~ "Platform Cable USB 00001abcffac01" && level==0} -index 1' command is executed.
10:39:09 INFO  : FPGA configured successfully with bitstream "H:/FPGA/VGA/blase/blase.runs/impl_1/blaze_wrapper.bit"
10:39:09 INFO  : Context for 'APU' is selected.
10:39:09 INFO  : Hardware design information is loaded from 'H:/FPGA/VGA/blase/blase.sdk/blaze_wrapper_hw_platform_0/system.hdf'.
10:39:09 INFO  : 'configparams force-mem-access 1' command is executed.
10:39:09 INFO  : Context for 'APU' is selected.
10:39:11 INFO  : 'ps7_init' command is executed.
10:39:11 INFO  : 'configparams mdm-detect-bscan-mask 2' command is executed.
10:39:11 INFO  : Context for processor 'microblaze_0' is selected.
10:39:11 ERROR : Cannot stop MicroBlaze. MicroBlaze is held in reset
10:39:11 INFO  : ----------------XSDB Script----------------
connect -url tcp:127.0.0.1:3121
source H:/FPGA/VGA/blase/blase.sdk/blaze_wrapper_hw_platform_0/ps7_init.tcl
targets -set -nocase -filter {name =~"APU*" && jtag_cable_name =~ "Platform Cable USB 00001abcffac01"} -index 0
rst -system
after 3000
targets -set -filter {jtag_cable_name =~ "Platform Cable USB 00001abcffac01" && level==0} -index 1
fpga -file H:/FPGA/VGA/blase/blase.runs/impl_1/blaze_wrapper.bit
targets -set -nocase -filter {name =~"APU*" && jtag_cable_name =~ "Platform Cable USB 00001abcffac01"} -index 0
loadhw -hw H:/FPGA/VGA/blase/blase.sdk/blaze_wrapper_hw_platform_0/system.hdf -mem-ranges [list {0x40000000 0xbfffffff}]
configparams force-mem-access 1
targets -set -nocase -filter {name =~"APU*" && jtag_cable_name =~ "Platform Cable USB 00001abcffac01"} -index 0
ps7_init
configparams mdm-detect-bscan-mask 2
targets -set -nocase -filter {name =~ "microblaze*#0" && bscan=="USER2"  && jtag_cable_name =~ "Platform Cable USB 00001abcffac01"} -index 1
dow H:/FPGA/VGA/blase/blase.sdk/Blaze_lesson/Debug/Blaze_lesson.elf
----------------End of Script----------------

10:39:52 INFO  : Connected to target on host '127.0.0.1' and port '3121'.
10:39:53 INFO  : Jtag cable 'Platform Cable USB 00001abcffac01' is selected.
10:39:53 INFO  : 'jtag frequency' command is executed.
10:39:53 INFO  : Sourcing of 'H:/FPGA/VGA/blase/blase.sdk/blaze_wrapper_hw_platform_0/ps7_init.tcl' is done.
10:39:53 INFO  : 'targets -set -filter {jtag_cable_name =~ "Platform Cable USB 00001abcffac01" && level==0} -index 1' command is executed.
10:39:58 INFO  : FPGA configured successfully with bitstream "H:/FPGA/VGA/blase/blase.runs/impl_1/blaze_wrapper.bit"
10:39:58 INFO  : Context for 'APU' is selected.
10:39:58 INFO  : Hardware design information is loaded from 'H:/FPGA/VGA/blase/blase.sdk/blaze_wrapper_hw_platform_0/system.hdf'.
10:39:58 INFO  : 'configparams force-mem-access 1' command is executed.
10:39:58 INFO  : Context for 'APU' is selected.
10:39:58 INFO  : 'stop' command is executed.
10:39:59 INFO  : 'ps7_init' command is executed.
10:39:59 INFO  : 'configparams mdm-detect-bscan-mask 2' command is executed.
10:40:00 INFO  : Context for processor 'microblaze_0' is selected.
10:40:00 ERROR : Cannot stop MicroBlaze. MicroBlaze is held in reset
10:40:00 INFO  : ----------------XSDB Script----------------
connect -url tcp:127.0.0.1:3121
source H:/FPGA/VGA/blase/blase.sdk/blaze_wrapper_hw_platform_0/ps7_init.tcl
targets -set -filter {jtag_cable_name =~ "Platform Cable USB 00001abcffac01" && level==0} -index 1
fpga -file H:/FPGA/VGA/blase/blase.runs/impl_1/blaze_wrapper.bit
targets -set -nocase -filter {name =~"APU*" && jtag_cable_name =~ "Platform Cable USB 00001abcffac01"} -index 0
loadhw -hw H:/FPGA/VGA/blase/blase.sdk/blaze_wrapper_hw_platform_0/system.hdf -mem-ranges [list {0x40000000 0xbfffffff}]
configparams force-mem-access 1
targets -set -nocase -filter {name =~"APU*" && jtag_cable_name =~ "Platform Cable USB 00001abcffac01"} -index 0
stop
ps7_init
configparams mdm-detect-bscan-mask 2
targets -set -nocase -filter {name =~ "microblaze*#0" && bscan=="USER2"  && jtag_cable_name =~ "Platform Cable USB 00001abcffac01"} -index 1
rst -processor
----------------End of Script----------------

11:10:13 INFO  : Connected to target on host '127.0.0.1' and port '3121'.
11:10:14 INFO  : Jtag cable 'Platform Cable USB 00001abcffac01' is selected.
11:10:14 INFO  : 'jtag frequency' command is executed.
11:10:14 INFO  : Sourcing of 'H:/FPGA/VGA/blase/blase.sdk/blaze_wrapper_hw_platform_0/ps7_init.tcl' is done.
11:10:14 INFO  : Context for 'APU' is selected.
11:10:14 INFO  : System reset is completed.
11:10:17 INFO  : 'after 3000' command is executed.
11:10:18 INFO  : 'targets -set -filter {jtag_cable_name =~ "Platform Cable USB 00001abcffac01" && level==0} -index 1' command is executed.
11:10:22 INFO  : FPGA configured successfully with bitstream "H:/FPGA/VGA/blase/blase.runs/impl_1/blaze_wrapper.bit"
11:10:22 INFO  : Context for 'APU' is selected.
11:10:22 INFO  : Hardware design information is loaded from 'H:/FPGA/VGA/blase/blase.sdk/blaze_wrapper_hw_platform_0/system.hdf'.
11:10:22 INFO  : 'configparams force-mem-access 1' command is executed.
11:10:23 INFO  : Context for 'APU' is selected.
11:10:24 INFO  : 'ps7_init' command is executed.
11:10:24 INFO  : 'ps7_post_config' command is executed.
11:10:24 INFO  : 'configparams mdm-detect-bscan-mask 2' command is executed.
11:10:24 INFO  : Context for processor 'microblaze_0' is selected.
11:10:24 INFO  : The application 'H:/FPGA/VGA/blase/blase.sdk/Blaze_lesson/Debug/Blaze_lesson.elf' is downloaded to processor 'microblaze_0'.
11:10:24 INFO  : 'configparams force-mem-access 0' command is executed.
11:10:24 INFO  : ----------------XSDB Script----------------
connect -url tcp:127.0.0.1:3121
source H:/FPGA/VGA/blase/blase.sdk/blaze_wrapper_hw_platform_0/ps7_init.tcl
targets -set -nocase -filter {name =~"APU*" && jtag_cable_name =~ "Platform Cable USB 00001abcffac01"} -index 0
rst -system
after 3000
targets -set -filter {jtag_cable_name =~ "Platform Cable USB 00001abcffac01" && level==0} -index 1
fpga -file H:/FPGA/VGA/blase/blase.runs/impl_1/blaze_wrapper.bit
targets -set -nocase -filter {name =~"APU*" && jtag_cable_name =~ "Platform Cable USB 00001abcffac01"} -index 0
loadhw -hw H:/FPGA/VGA/blase/blase.sdk/blaze_wrapper_hw_platform_0/system.hdf -mem-ranges [list {0x40000000 0xbfffffff}]
configparams force-mem-access 1
targets -set -nocase -filter {name =~"APU*" && jtag_cable_name =~ "Platform Cable USB 00001abcffac01"} -index 0
ps7_init
ps7_post_config
configparams mdm-detect-bscan-mask 2
targets -set -nocase -filter {name =~ "microblaze*#0" && bscan=="USER2"  && jtag_cable_name =~ "Platform Cable USB 00001abcffac01"} -index 1
dow H:/FPGA/VGA/blase/blase.sdk/Blaze_lesson/Debug/Blaze_lesson.elf
configparams force-mem-access 0
----------------End of Script----------------

11:10:25 INFO  : Memory regions updated for context APU
11:10:25 INFO  : Memory regions updated for context PA
11:10:25 INFO  : Memory regions updated for context PA
11:10:25 INFO  : Context for processor 'microblaze_0' is selected.
11:10:25 INFO  : 'con' command is executed.
11:10:25 INFO  : ----------------XSDB Script (After Launch)----------------
targets -set -nocase -filter {name =~ "microblaze*#0" && bscan=="USER2"  && jtag_cable_name =~ "Platform Cable USB 00001abcffac01"} -index 1
con
----------------End of Script----------------

11:10:25 INFO  : Launch script is exported to file 'H:\FPGA\VGA\blase\blase.sdk\.sdk\launch_scripts\xilinx_c-c++_application_(system_debugger)\system_run1.tcl'
15:43:50 INFO  : Disconnected from the channel tcfchan#1.
15:43:51 INFO  : Connected to target on host '127.0.0.1' and port '3121'.
15:43:51 INFO  : Jtag cable 'Platform Cable USB 00001abcffac01' is selected.
15:43:51 INFO  : 'jtag frequency' command is executed.
15:43:51 INFO  : Sourcing of 'H:/FPGA/VGA/blase/blase.sdk/blaze_wrapper_hw_platform_0/ps7_init.tcl' is done.
15:43:52 INFO  : Context for 'APU' is selected.
15:43:52 INFO  : System reset is completed.
15:43:55 INFO  : 'after 3000' command is executed.
15:43:55 INFO  : 'targets -set -filter {jtag_cable_name =~ "Platform Cable USB 00001abcffac01" && level==0} -index 1' command is executed.
15:44:00 INFO  : FPGA configured successfully with bitstream "H:/FPGA/VGA/blase/blase.runs/impl_1/blaze_wrapper.bit"
15:44:00 INFO  : Context for 'APU' is selected.
15:44:04 INFO  : Hardware design information is loaded from 'H:/FPGA/VGA/blase/blase.sdk/blaze_wrapper_hw_platform_0/system.hdf'.
15:44:04 INFO  : 'configparams force-mem-access 1' command is executed.
15:44:05 INFO  : Context for 'APU' is selected.
15:44:06 INFO  : 'ps7_init' command is executed.
15:44:06 INFO  : 'ps7_post_config' command is executed.
15:44:06 INFO  : 'configparams mdm-detect-bscan-mask 2' command is executed.
15:44:06 INFO  : Context for processor 'microblaze_0' is selected.
15:44:06 INFO  : The application 'H:/FPGA/VGA/blase/blase.sdk/Blaze_lesson/Debug/Blaze_lesson.elf' is downloaded to processor 'microblaze_0'.
15:44:06 INFO  : 'configparams force-mem-access 0' command is executed.
15:44:06 INFO  : ----------------XSDB Script----------------
connect -url tcp:127.0.0.1:3121
source H:/FPGA/VGA/blase/blase.sdk/blaze_wrapper_hw_platform_0/ps7_init.tcl
targets -set -nocase -filter {name =~"APU*" && jtag_cable_name =~ "Platform Cable USB 00001abcffac01"} -index 0
rst -system
after 3000
targets -set -filter {jtag_cable_name =~ "Platform Cable USB 00001abcffac01" && level==0} -index 1
fpga -file H:/FPGA/VGA/blase/blase.runs/impl_1/blaze_wrapper.bit
targets -set -nocase -filter {name =~"APU*" && jtag_cable_name =~ "Platform Cable USB 00001abcffac01"} -index 0
loadhw -hw H:/FPGA/VGA/blase/blase.sdk/blaze_wrapper_hw_platform_0/system.hdf -mem-ranges [list {0x40000000 0xbfffffff}]
configparams force-mem-access 1
targets -set -nocase -filter {name =~"APU*" && jtag_cable_name =~ "Platform Cable USB 00001abcffac01"} -index 0
ps7_init
ps7_post_config
configparams mdm-detect-bscan-mask 2
targets -set -nocase -filter {name =~ "microblaze*#0" && bscan=="USER2"  && jtag_cable_name =~ "Platform Cable USB 00001abcffac01"} -index 1
dow H:/FPGA/VGA/blase/blase.sdk/Blaze_lesson/Debug/Blaze_lesson.elf
configparams force-mem-access 0
----------------End of Script----------------

15:44:06 INFO  : Memory regions updated for context APU
15:44:06 INFO  : Memory regions updated for context PA
15:44:06 INFO  : Memory regions updated for context PA
15:44:07 INFO  : Context for processor 'microblaze_0' is selected.
15:44:07 INFO  : 'con' command is executed.
15:44:07 INFO  : ----------------XSDB Script (After Launch)----------------
targets -set -nocase -filter {name =~ "microblaze*#0" && bscan=="USER2"  && jtag_cable_name =~ "Platform Cable USB 00001abcffac01"} -index 1
con
----------------End of Script----------------

15:44:07 INFO  : Launch script is exported to file 'H:\FPGA\VGA\blase\blase.sdk\.sdk\launch_scripts\xilinx_c-c++_application_(system_debugger)\system_run1.tcl'
15:51:33 ERROR : Error generating bsp sources: Failed in generating sources
15:51:33 ERROR : (XSDB Server)ERROR: [Hsi 55-1545] Problem running tcl command ::sw_lwip202_v1_0::lwip_drc : ERROR: No Ethernet MAC cores are addressable from processor microblaze_0.  lwIP requires atleast one EMAC (xps_ethernetlite | xps_ll_temac | axi_ethernet | axi_ethernet_buffer | axi_ethernetlite | ps7_ethernet | psu_ethernet ) core  with its interrupt pin connected to the interrupt controller.

    while executing
"error "ERROR: No Ethernet MAC cores are addressable from processor $cpuname.  lwIP requires atleast one EMAC (xps_ethernetlite | xps_ll_temac | axi_et..."
    (procedure "::sw_lwip202_v1_0::lwip_drc" line 65)
    invoked from within
"::sw_lwip202_v1_0::lwip_drc lwip202"
ERROR: [Hsi 55-1440] Error(s) while running DRCs.
ERROR: [Hsi 55-1450] Error: running generate_bsp.

15:51:33 ERROR : Failed to regenerate sources for BSP project FSBLaze_bsp
org.eclipse.core.runtime.CoreException: Internal error occurred while generating bsp sources. Please check the SDK Log view for further details.
	at com.xilinx.sdk.sw.ui.handlers.RegenBspSourcesHandler.internalGenerateBsp(RegenBspSourcesHandler.java:178)
	at com.xilinx.sdk.sw.ui.handlers.RegenBspSourcesHandler.access$2(RegenBspSourcesHandler.java:163)
	at com.xilinx.sdk.sw.ui.handlers.RegenBspSourcesHandler$1$1.run(RegenBspSourcesHandler.java:131)
	at org.eclipse.core.internal.resources.Workspace.run(Workspace.java:2240)
	at org.eclipse.core.internal.resources.Workspace.run(Workspace.java:2267)
	at com.xilinx.sdk.sw.ui.handlers.RegenBspSourcesHandler$1.run(RegenBspSourcesHandler.java:135)
	at org.eclipse.jface.operation.ModalContext$ModalContextThread.run(ModalContext.java:119)
15:51:40 INFO  : Refreshed build settings on project FSBLaze
15:52:21 INFO  : Refreshed build settings on project FSBLaze
15:59:25 INFO  : Invoking Bootgen: bootgen -image output.bif -arch zynq -o H:\FPGA\VGA\blase\blase.sdk\Blaze_lesson\BOOT.mcs
15:59:25 INFO  : Creating new bif file H:\FPGA\VGA\blase\blase.sdk\Blaze_lesson\output.bif
15:59:29 INFO  : Bootgen command execution is done.
16:09:28 INFO  : Invoking Bootgen: bootgen -image output.bif -arch zynq -o H:\FPGA\VGA\blase\blase.sdk\Blaze_lesson\BOOT.bin
16:09:28 INFO  : Overwriting existing bif file H:\FPGA\VGA\blase\blase.sdk\Blaze_lesson\output.bif
16:09:31 INFO  : Bootgen command execution is done.
16:14:13 INFO  : Invoking Bootgen: bootgen -image output.bif -arch zynq -o H:\FPGA\VGA\blase\blase.sdk\Blaze_lesson\boot\BOOT.bin
16:14:13 INFO  : Creating new bif file H:\FPGA\VGA\blase\blase.sdk\Blaze_lesson\boot\output.bif
16:14:16 INFO  : Bootgen command execution is done.
16:27:12 INFO  : Disconnected from the channel tcfchan#2.
